npm WARN using --force Recommended protections disabled.
npm WARN audit Updating react-scripts to 5.0.0,which is a SemVer major change.
npm WARN audit Updating react-scripts to 5.0.0,which is a SemVer major change.
npm WARN audit Updating react-scripts to 5.0.0,which is a SemVer major change.
npm WARN audit Updating react-scripts to 5.0.0,which is a SemVer major change.
npm WARN audit Updating react-scripts to 5.0.0,which is a SemVer major change.
npm WARN audit Updating react-scripts to 5.0.0,which is a SemVer major change.
npm WARN audit Updating react-scripts to 5.0.0,which is a SemVer major change.
npm WARN audit Updating react-scripts to 5.0.0,which is a SemVer major change.
npm WARN audit Updating react-scripts to 5.0.0,which is a SemVer major change.
npm WARN audit Updating react-scripts to 5.0.0,which is a SemVer major change.
npm WARN audit Updating react-scripts to 5.0.0,which is a SemVer major change.
npm WARN audit Updating react-scripts to 5.0.0,which is a SemVer major change.
npm WARN audit Updating react-scripts to 5.0.0,which is a SemVer major change.
npm WARN audit Updating react-scripts to 5.0.0,which is a SemVer major change.
npm WARN audit Updating react-scripts to 5.0.0,which is a SemVer major change.
npm WARN audit Updating react-scripts to 5.0.0,which is a SemVer major change.
npm WARN audit Updating react-scripts to 5.0.0,which is a SemVer major change.
npm WARN audit Updating react-scripts to 5.0.0,which is a SemVer major change.
npm WARN audit Updating react-scripts to 5.0.0,which is a SemVer major change.
npm WARN audit Updating react-scripts to 5.0.0,which is a SemVer major change.
npm WARN audit Updating react-scripts to 5.0.0,which is a SemVer major change.
npm WARN audit Updating react-scripts to 5.0.0,which is a SemVer major change.
npm WARN audit Updating react-scripts to 5.0.0,which is a SemVer major change.
npm WARN audit Updating react-scripts to 5.0.0,which is a SemVer major change.
npm WARN audit Updating react-scripts to 5.0.0,which is a SemVer major change.
npm WARN audit Updating react-scripts to 5.0.0,which is a SemVer major change.
npm WARN audit Updating react-scripts to 5.0.0,which is a SemVer major change.
npm WARN audit Updating react-scripts to 5.0.0,which is a SemVer major change.
npm WARN audit Updating react-scripts to 5.0.0,which is a SemVer major change.
npm WARN audit Updating react-scripts to 5.0.0,which is a SemVer major change.
npm WARN audit Updating react-scripts to 5.0.0,which is a SemVer major change.
npm WARN audit Updating react-scripts to 5.0.0,which is a SemVer major change.
npm WARN audit Updating react-scripts to 5.0.0,which is a SemVer major change.
npm WARN audit Updating react-scripts to 5.0.0,which is a SemVer major change.
npm WARN audit Updating react-scripts to 5.0.0,which is a SemVer major change.
npm WARN audit Updating react-scripts to 5.0.0,which is a SemVer major change.
npm WARN audit Updating react-scripts to 5.0.0,which is a SemVer major change.
npm WARN audit Updating react-scripts to 5.0.0,which is a SemVer major change.
npm WARN audit Updating react-scripts to 5.0.0,which is a SemVer major change.
npm WARN audit Updating react-scripts to 5.0.0,which is a SemVer major change.
npm WARN audit Updating react-scripts to 5.0.0,which is a SemVer major change.
npm WARN audit Updating react-scripts to 5.0.0,which is a SemVer major change.
npm WARN audit Updating react-scripts to 5.0.0,which is a SemVer major change.
npm WARN audit Updating react-scripts to 5.0.0,which is a SemVer major change.
npm WARN audit Updating react-scripts to 5.0.0,which is a SemVer major change.
npm WARN audit Updating react-scripts to 5.0.0,which is a SemVer major change.
npm WARN audit Updating react-scripts to 5.0.0,which is a SemVer major change.
npm WARN audit Updating react-scripts to 5.0.0,which is a SemVer major change.
npm WARN audit Updating react-scripts to 5.0.0,which is a SemVer major change.
npm WARN audit Updating react-scripts to 5.0.0,which is a SemVer major change.
npm WARN audit Updating react-scripts to 5.0.0,which is a SemVer major change.
npm WARN audit Updating react-scripts to 5.0.0,which is a SemVer major change.
npm WARN audit Updating react-scripts to 5.0.0,which is a SemVer major change.
npm WARN audit Updating react-scripts to 5.0.0,which is a SemVer major change.
npm WARN audit Updating react-scripts to 5.0.0,which is a SemVer major change.
npm WARN audit Updating react-scripts to 5.0.0,which is a SemVer major change.
npm WARN audit Updating react-scripts to 5.0.0,which is a SemVer major change.
npm WARN audit Updating react-scripts to 5.0.0,which is a SemVer major change.
npm WARN audit Updating react-scripts to 5.0.0,which is a SemVer major change.
npm WARN audit Updating react-scripts to 5.0.0,which is a SemVer major change.
npm WARN audit Updating react-scripts to 5.0.0,which is a SemVer major change.
npm WARN audit Updating react-scripts to 5.0.0,which is a SemVer major change.
npm WARN audit Updating react-scripts to 5.0.0,which is a SemVer major change.
npm WARN audit Updating react-scripts to 5.0.0,which is a SemVer major change.
npm WARN audit Updating react-scripts to 5.0.0,which is a SemVer major change.
npm WARN audit Updating react-scripts to 5.0.0,which is a SemVer major change.
npm WARN audit Updating react-scripts to 5.0.0,which is a SemVer major change.
npm WARN audit Updating react-scripts to 5.0.0,which is a SemVer major change.
npm WARN audit Updating react-scripts to 5.0.0,which is a SemVer major change.
npm WARN audit Updating react-scripts to 5.0.0,which is a SemVer major change.
npm WARN audit Updating react-scripts to 5.0.0,which is a SemVer major change.
npm WARN audit Updating react-scripts to 5.0.0,which is a SemVer major change.
npm WARN audit Updating react-scripts to 5.0.0,which is a SemVer major change.
npm WARN audit Updating react-scripts to 5.0.0,which is a SemVer major change.
npm WARN audit Updating react-scripts to 5.0.0,which is a SemVer major change.
npm WARN audit Updating react-scripts to 5.0.0,which is a SemVer major change.
npm WARN audit Updating react-scripts to 5.0.0,which is a SemVer major change.
npm WARN audit Updating react-scripts to 5.0.0,which is a SemVer major change.
npm WARN audit Updating react-scripts to 5.0.0,which is a SemVer major change.
npm WARN audit Updating react-scripts to 5.0.0,which is a SemVer major change.
npm WARN audit Updating react-scripts to 5.0.0,which is a SemVer major change.
npm WARN audit Updating react-scripts to 5.0.0,which is a SemVer major change.
npm WARN audit Updating react-scripts to 5.0.0,which is a SemVer major change.
npm WARN audit Updating react-scripts to 5.0.0,which is a SemVer major change.
npm WARN audit Updating react-scripts to 5.0.0,which is a SemVer major change.
npm WARN audit Updating react-scripts to 5.0.0,which is a SemVer major change.
npm WARN audit Updating react-scripts to 5.0.0,which is a SemVer major change.
npm WARN audit Updating react-scripts to 5.0.0,which is a SemVer major change.
npm WARN audit Updating react-scripts to 5.0.0,which is a SemVer major change.
npm WARN audit Updating react-scripts to 5.0.0,which is a SemVer major change.
npm WARN audit Updating react-scripts to 5.0.0,which is a SemVer major change.
npm WARN audit Updating react-scripts to 5.0.0,which is a SemVer major change.
npm WARN audit Updating react-scripts to 5.0.0,which is a SemVer major change.
npm WARN audit Updating react-scripts to 5.0.0,which is a SemVer major change.
npm WARN audit Updating react-scripts to 5.0.0,which is a SemVer major change.
npm WARN audit Updating react-scripts to 5.0.0,which is a SemVer major change.
npm WARN audit Updating react-scripts to 5.0.0,which is a SemVer major change.
npm WARN audit Updating react-scripts to 5.0.0,which is a SemVer major change.
npm WARN audit Updating react-scripts to 5.0.0,which is a SemVer major change.
npm WARN audit Updating react-scripts to 5.0.0,which is a SemVer major change.
npm WARN audit Updating react-scripts to 5.0.0,which is a SemVer major change.
npm WARN audit Updating react-scripts to 5.0.0,which is a SemVer major change.
npm WARN audit Updating react-scripts to 5.0.0,which is a SemVer major change.
npm WARN audit Updating react-scripts to 5.0.0,which is a SemVer major change.
npm WARN audit Updating react-scripts to 5.0.0,which is a SemVer major change.
npm WARN audit Updating react-scripts to 5.0.0,which is a SemVer major change.
npm WARN audit Updating react-scripts to 5.0.0,which is a SemVer major change.
npm WARN audit Updating react-scripts to 5.0.0,which is a SemVer major change.
npm WARN audit Updating react-scripts to 5.0.0,which is a SemVer major change.
npm WARN audit Updating react-scripts to 5.0.0,which is a SemVer major change.
npm WARN audit Updating react-scripts to 5.0.0,which is a SemVer major change.
npm WARN audit Updating react-scripts to 5.0.0,which is a SemVer major change.
npm WARN audit Updating react-scripts to 5.0.0,which is a SemVer major change.
npm WARN audit Updating react-scripts to 5.0.0,which is a SemVer major change.
npm WARN audit Updating react-scripts to 5.0.0,which is a SemVer major change.
npm WARN audit Updating react-scripts to 5.0.0,which is a SemVer major change.
Exception in PromiseRejectCallback:snano: WARN audit Updating react-scripts to 5.0.0,which is a SemVer major change.
/home/otto/.volta/tools/image/npm/8.5.4/node_modules/@npmcli/arborist/lib/arborist/build-ideal-tree.js:1067
    return this[_buildDepStep]()
                                

RangeError: Maximum call stack size exceeded
npm ERR! Maximum call stack size exceeded

npm ERR! A complete log of this run can be found in:
npm ERR!     /home/otto/.npm/_logs/2022-03-31T14_27_52_652Z-debug-0.log
